<?xml version="1.0" encoding="UTF-8"?>
<!-- Generated by org.testng.reporters.JUnitReportReporter -->
<testsuite name="Runner.Runner1" tests="1" time="5.882" ignored="0" failures="0" timestamp="30 Jul 2018 16:58:04 GMT" skipped="0" hostname="DEVOPS_12" errors="0">
  <testcase name="test" time="5.882" classname="Runner.Runner1"/>
</testsuite> <!-- Runner.Runner1 -->
